D:\MYPROJECT\MYCODESPACE\LIBXNET\LIBXNET\DEBUG\LIBXNET.OBJ
D:\MYPROJECT\MYCODESPACE\LIBXNET\LIBXNET\DEBUG\VC110.PDB
D:\MYPROJECT\MYCODESPACE\LIBXNET\LIBXNET\DEBUG\测试.OBJ
D:\MYPROJECT\MYCODESPACE\LIBXNET\DEBUG\LIBXNET.LIB
䑞尺祍牐橯捥屴祍潃敤灓捡履楌塢敎屴楌塢敎屴楌塢敎⹴捶灸潲൪䐊尺祍牐橯捥屴祍潃敤灓捡履楌塢敎屴敄畢屧楌塢敎⹴楬ൢ䐊尺祍牐橯捥屴祍潃敤灓捡履楌塢敎屴敄畢屧楌塢敎⹴楬ൢ䐊尺祍牐橯捥屴祍潃敤灓捡履楌塢敎屴敄畢屧楌塢敎⹴硥൰䐊尺祍牐橯捥屴祍潃敤灓捡履楌塢敎屴敄畢屧楌塢敎⹴硥൰帊㩄䵜偹潲敪瑣䵜䍹摯卥慰散䱜扩乘瑥䱜扩乘瑥䱜扩乘瑥瘮硣牰橯਍㩄䵜偹潲敪瑣䵜䍹摯卥慰散䱜扩乘瑥䑜扥杵䱜扩乘瑥氮扩਍㩄䵜偹潲敪瑣䵜䍹摯卥慰散䱜扩乘瑥䑜扥杵䱜扩乘瑥氮扩਍㩄䵜偹潲敪瑣䵜䍹摯卥慰散䱜扩乘瑥䑜扥杵䱜扩乘瑥攮灸਍㩄䵜偹潲敪瑣䵜䍹摯卥慰散䱜扩乘瑥䑜扥杵䱜扩乘瑥攮灸਍䑞尺祍牐橯捥屴祍潃敤灓捡履楌塢敎屴楌塢敎屴楌塢敎⹴捶灸潲൪䐊尺祍牐橯捥屴祍潃敤灓捡履楌塢敎屴敄畢屧楌塢敎⹴楬ൢ䐊尺祍牐橯捥屴祍潃敤灓捡履楌塢敎屴敄畢屧楌塢敎⹴楬ൢ䐊尺祍牐橯捥屴祍潃敤灓捡履楌塢敎屴敄畢屧楌塢敎⹴硥൰䐊尺祍牐橯捥屴祍潃敤灓捡履楌塢敎屴敄畢屧楌塢敎⹴硥൰帊㩄䵜偹潲敪瑣䵜䍹摯卥慰散䱜扩乘瑥䱜扩乘瑥䱜扩乘瑥瘮硣牰橯਍㩄䵜偹潲敪瑣䵜䍹摯卥慰散䱜扩乘瑥䑜扥杵䱜扩乘瑥氮扩਍㩄䵜偹潲敪瑣䵜䍹摯卥慰散䱜扩乘瑥䑜扥杵䱜扩乘瑥氮扩਍㩄䵜偹潲敪瑣䵜䍹摯卥慰散䱜扩乘瑥䑜扥杵䱜扩乘瑥攮灸਍㩄䵜偹潲敪瑣䵜䍹摯卥慰散䱜扩乘瑥䑜扥杵䱜扩乘瑥攮灸਍䑞尺祍牐橯捥屴祍潃敤灓捡履楌塢敎屴楌塢敎屴楌塢敎⹴捶灸潲൪䐊尺祍牐橯捥屴祍潃敤灓捡履楌塢敎屴敄畢屧楌塢敎⹴楬ൢ䐊尺祍牐橯捥屴祍潃敤灓捡履楌塢敎屴敄畢屧楌塢敎⹴楬ൢ䐊尺祍牐橯捥屴祍潃敤灓捡履楌塢敎屴敄畢屧楌塢敎⹴硥൰䐊尺祍牐橯捥屴祍潃敤灓捡履楌塢敎屴敄畢屧楌塢敎⹴硥൰帊㩄䵜偹潲敪瑣䵜䍹摯卥慰散䱜扩乘瑥䱜扩乘瑥䱜扩乘瑥瘮硣牰橯਍㩄䵜偹潲敪瑣䵜䍹摯卥慰散䱜扩乘瑥䑜扥杵䱜扩乘瑥氮扩਍㩄䵜偹潲敪瑣䵜䍹摯卥慰散䱜扩乘瑥䑜扥杵䱜扩乘瑥氮扩਍㩄䵜偹潲敪瑣䵜䍹摯卥慰散䱜扩乘瑥䑜扥杵䱜扩乘瑥攮灸਍㩄䵜偹潲敪瑣䵜䍹摯卥慰散䱜扩乘瑥䑜扥杵䱜扩乘瑥攮灸਍䑞尺祍牐橯捥屴祍潃敤灓捡履楌塢敎屴楌塢敎屴楌塢敎⹴捶灸潲൪䐊尺祍牐橯捥屴祍潃敤灓捡履楌塢敎屴敄畢屧楌塢敎⹴楬ൢ䐊尺祍牐橯捥屴祍潃敤灓捡履楌塢敎屴敄畢屧楌塢敎⹴楬ൢ䐊尺祍牐橯捥屴祍潃敤灓捡履楌塢敎屴敄畢屧楌塢敎⹴硥൰䐊尺祍牐橯捥屴祍潃敤灓捡履楌塢敎屴敄畢屧楌塢敎⹴硥൰帊㩄䵜偹潲敪瑣䵜䍹摯卥慰散䱜扩乘瑥䱜扩乘瑥䱜扩乘瑥瘮硣牰橯਍㩄䵜偹潲敪瑣䵜䍹摯卥慰散䱜扩乘瑥䑜扥杵䱜扩乘瑥氮扩਍㩄䵜偹潲敪瑣䵜䍹摯卥慰散䱜扩乘瑥䑜扥杵䱜扩乘瑥氮扩਍㩄䵜偹潲敪瑣䵜䍹摯卥慰散䱜扩乘瑥䑜扥杵䱜扩乘瑥攮灸਍㩄䵜偹潲敪瑣䵜䍹摯卥慰散䱜扩乘瑥䑜扥杵䱜扩乘瑥攮灸਍䑞尺祍牐橯捥屴祍潃敤灓捡履楌塢敎屴楌塢敎屴楌塢敎⹴捶灸潲൪䐊尺祍牐橯捥屴祍潃敤灓捡履楌塢敎屴敄畢屧楌塢敎⹴楬ൢ䐊尺祍牐橯捥屴祍潃敤灓捡履楌塢敎屴敄畢屧楌塢敎⹴楬ൢ䐊尺祍牐橯捥屴祍潃敤灓捡履楌塢敎屴敄畢屧楌塢敎⹴硥൰䐊尺祍牐橯捥屴祍潃敤灓捡履楌塢敎屴敄畢屧楌塢敎⹴硥൰
D:\MYPROJECT\MYCODESPACE\LIBXNET\DEBUG\LIBXNET.ILK
D:\MYPROJECT\MYCODESPACE\LIBXNET\DEBUG\LIBXNET.EXE
D:\MYPROJECT\MYCODESPACE\LIBXNET\DEBUG\LIBXNET.PDB
D:\MyProject\MyCodeSpace\LibXNet\LibXNet\Debug\LibXNet.obj
D:\MyProject\MyCodeSpace\LibXNet\LibXNet\Debug\测试.obj
D:\MyProject\MyCodeSpace\LibXNet\LibXNet\Debug\cl.command.1.tlog
D:\MyProject\MyCodeSpace\LibXNet\LibXNet\Debug\CL.read.1.tlog
D:\MyProject\MyCodeSpace\LibXNet\LibXNet\Debug\CL.write.1.tlog
D:\MyProject\MyCodeSpace\LibXNet\LibXNet\Debug\Lib-link.read.1.tlog
D:\MyProject\MyCodeSpace\LibXNet\LibXNet\Debug\Lib-link.write.1.tlog
D:\MyProject\MyCodeSpace\LibXNet\LibXNet\Debug\lib.command.1.tlog
D:\MyProject\MyCodeSpace\LibXNet\LibXNet\Debug\LibXNet.write.1.tlog
D:\MyProject\MyCodeSpace\LibXNet\LibXNet\Debug\link-cvtres.read.1.tlog
D:\MyProject\MyCodeSpace\LibXNet\LibXNet\Debug\link-cvtres.write.1.tlog
D:\MyProject\MyCodeSpace\LibXNet\LibXNet\Debug\link-rc.read.1.tlog
D:\MyProject\MyCodeSpace\LibXNet\LibXNet\Debug\link-rc.write.1.tlog
D:\MyProject\MyCodeSpace\LibXNet\LibXNet\Debug\link.command.1.tlog
D:\MyProject\MyCodeSpace\LibXNet\LibXNet\Debug\link.read.1.tlog
D:\MyProject\MyCodeSpace\LibXNet\LibXNet\Debug\link.write.1.tlog
D:\MyProject\MyCodeSpace\LibXNet\LibXNet\Debug\vc110.idb
D:\MyProject\MyCodeSpace\LibXNet\LibXNet\Debug\vc110.pdb
D:\MyProject\MyCodeSpace\LibXNet\Debug\LibXNet.pdb
D:\MyProject\MyCodeSpace\LibXNet\Debug\LibXNet.lib
D:\MyProject\MyCodeSpace\LibXNet\Debug\LibXNet.ilk
